2020-12-26 21:08:43.920 - INFO - 5525 - azureml.train.automl._azureautomlclient.modify_run_configuration:199 - Package azureml-train-automl missing from dependencies file.
2020-12-26 21:08:43.921 - INFO - 5525 - azureml.train.automl._azureautomlclient.modify_run_configuration:205 - Using pinned version: azureml-train-automl==1.19.0.*
2020-12-26 21:08:43.921 - INFO - 5525 - azureml.train.automl._azureautomlclient.modify_run_configuration:199 - Package pandas missing from dependencies file.
2020-12-26 21:08:43.922 - INFO - 5525 - azureml.train.automl._azureautomlclient.modify_run_configuration:205 - Using pinned version: pandas==0.25.1
2020-12-26 21:08:43.922 - INFO - 5525 - azureml.train.automl._azureautomlclient.modify_run_configuration:199 - Package psutil missing from dependencies file.
2020-12-26 21:08:43.922 - INFO - 5525 - azureml.train.automl._azureautomlclient.modify_run_configuration:205 - Using pinned version: psutil>5.0.0,<6.0.0
2020-12-26 21:08:43.923 - INFO - 5525 - azureml.train.automl._azureautomlclient.modify_run_configuration:199 - Package scikit-learn missing from dependencies file.
2020-12-26 21:08:43.923 - INFO - 5525 - azureml.train.automl._azureautomlclient.modify_run_configuration:205 - Using pinned version: scikit-learn==0.22.1
2020-12-26 21:08:43.923 - INFO - 5525 - azureml.train.automl._azureautomlclient.modify_run_configuration:199 - Package numpy missing from dependencies file.
2020-12-26 21:08:43.923 - INFO - 5525 - azureml.train.automl._azureautomlclient.modify_run_configuration:205 - Using pinned version: numpy~=1.18.0
2020-12-26 21:08:43.924 - INFO - 5525 - azureml.train.automl._azureautomlclient.modify_run_configuration:199 - Package py-xgboost missing from dependencies file.
2020-12-26 21:08:43.924 - INFO - 5525 - azureml.train.automl._azureautomlclient.modify_run_configuration:205 - Using pinned version: py-xgboost<=0.90
2020-12-26 21:08:43.924 - INFO - 5525 - azureml.train.automl._azureautomlclient.modify_run_configuration:199 - Package inference-schema missing from dependencies file.
2020-12-26 21:08:43.925 - INFO - 5525 - azureml.train.automl._azureautomlclient.modify_run_configuration:199 - Package fbprophet missing from dependencies file.
2020-12-26 21:08:43.925 - INFO - 5525 - azureml.train.automl._azureautomlclient.modify_run_configuration:205 - Using pinned version: fbprophet==0.5
2020-12-26 21:08:43.925 - INFO - 5525 - azureml.train.automl._azureautomlclient.modify_run_configuration:199 - Package setuptools-git missing from dependencies file.
2020-12-26 21:08:43.926 - INFO - 5525 - azureml.train.automl._azureautomlclient.modify_run_configuration:209 - Using installed version: setuptools-git==1.2
2020-12-26 21:08:43.933 - INFO - 5525 - azureml.train.automl._azureautomlclient._validate_input:663 - Start data validation.
2020-12-26 21:08:45.354 - INFO - 5525 - azureml.train.automl._azureautomlclient._validate_input:676 - Validation service found the data has no errors.
2020-12-26 21:08:45.355 - INFO - 5525 - azureml.train.automl._azureautomlclient._create_parent_run_for_remote:541 - Start creating parent run.
2020-12-26 21:08:45.576 - INFO - 5525 - azureml.train.automl._azureautomlclient._create_parent_run_for_remote:561 - [ParentRunID:AutoML_357fa3cb-04d5-4032-ab1d-419447b841bc] Remote run using input X and y.
2020-12-26 21:08:45.664 - INFO - 5525 - azureml.train.automl._azureautomlclient._create_parent_run_for_remote:574 - Parent Run ID: AutoML_357fa3cb-04d5-4032-ab1d-419447b841bc
2020-12-26 21:08:45.664 - INFO - 5525 - azureml.train.automl._azureautomlclient._fit_remote_core:502 - Starting a snapshot run (snapshot_id : None)
